["2024-05-17T11:43:31.167", "DEBUG", "ubuntupro.config", "parse_config", 625, "Using client configuration file at /etc/ubuntu-advantage/uaclient.conf", {}]
["2024-05-17T11:43:31.196", "DEBUG", "ubuntupro.system", "load_file", 517, "Reading file: /etc/ubuntu-advantage/uaclient.conf", {}]
["2024-05-17T11:43:31.239", "DEBUG", "ubuntupro.files.files", "read", 60, "Tried to load /var/lib/ubuntu-advantage/user-config.json but file does not exist", {}]
["2024-05-17T11:43:31.239", "DEBUG", "ubuntupro.system", "load_file", 517, "Reading file: /etc/os-release", {}]
["2024-05-17T11:43:31.350", "DEBUG", "ubuntupro.system", "ensure_folder_absent", 729, "Tried to remove /var/lib/ubuntu-advantage/apt-esm/ but folder does not exist", {}]
["2024-05-17T11:43:31.351", "DEBUG", "ubuntupro.system", "create_file", 523, "Creating file: /var/lib/ubuntu-advantage/apt-esm/etc/apt/sources.list", {}]
["2024-05-17T11:43:31.351", "DEBUG", "ubuntupro.system", "create_file", 523, "Creating file: /var/lib/ubuntu-advantage/apt-esm/var/lib/dpkg/status", {}]
["2024-05-17T11:43:31.517", "DEBUG", "ubuntupro.config", "parse_config", 625, "Using client configuration file at /etc/ubuntu-advantage/uaclient.conf", {}]
["2024-05-17T11:43:31.518", "DEBUG", "ubuntupro.system", "load_file", 517, "Reading file: /etc/ubuntu-advantage/uaclient.conf", {}]
["2024-05-17T11:43:31.523", "DEBUG", "ubuntupro.files.files", "read", 60, "Tried to load /var/lib/ubuntu-advantage/user-config.json but file does not exist", {}]
["2024-05-17T11:43:32.032", "DEBUG", "ubuntupro.config", "read_cache", 443, "File does not exist: /var/lib/ubuntu-advantage/status.json", {}]
["2024-05-17T11:43:32.032", "DEBUG", "ubuntupro.files.files", "read", 60, "Tried to load /var/lib/ubuntu-advantage/private/machine-token.json but file does not exist", {}]
["2024-05-17T11:43:32.033", "DEBUG", "ubuntupro.system", "load_file", 517, "Reading file: /proc/version_signature", {}]
["2024-05-17T11:43:33.346", "DEBUG", "ubuntupro.system", "load_file", 517, "Reading file: /proc/1/cgroup", {}]
["2024-05-17T11:43:33.347", "DEBUG", "ubuntupro.files.files", "read", 60, "Tried to load /var/lib/ubuntu-advantage/private/machine-token.json but file does not exist", {}]
["2024-05-17T11:43:33.348", "DEBUG", "ubuntupro.http", "readurl", 354, "URL [GET]: https://contracts.canonical.com/v1/resources?architecture=amd64&kernel=5.4.0-150-generic&series=bionic&virt=, headers: {'accept': 'application/json', 'content-type': 'application/json', 'user-agent': 'UA-Client/31.2.3~18.04'}, data: None", {}]
["2024-05-17T11:43:33.349", "DEBUG", "ubuntupro.http", "should_use_pycurl", 208, "Should use pycurl: False", {}]
["2024-05-17T11:43:33.997", "DEBUG", "ubuntupro.http", "readurl", 389, "URL [GET] response: https://contracts.canonical.com/v1/resources?architecture=amd64&kernel=5.4.0-150-generic&series=bionic&virt=, headers: {'accept-ranges': 'bytes', 'cache-control': 'no-store, max-age=0', 'connection': 'close', 'content-length': '862', 'content-type': 'application/json', 'date': 'Fri, 17 May 2024 06:13:33 GMT', 'server': 'nginx/1.18.0 (Ubuntu)', 'strict-transport-security': 'max-age=15724800; includeSubDomains', 'x-cache-status': 'MISS from content-cache-il3/1', 'x-trace-id': '8db86073-84d9-450b-bb15-657a5bafe9c6'}, data: {'resources': [{'available': False, 'name': 'anbox-cloud'}, {'available': True, 'name': 'anbox-images'}, {'available': True, 'name': 'cc'}, {'available': True, 'name': 'cc-eal'}, {'available': True, 'name': 'cis'}, {'available': False, 'name': 'esm'}, {'available': True, 'name': 'esm-apps'}, {'available': False, 'name': 'esm-apps-python'}, {'available': True, 'name': 'esm-infra'}, {'available': False, 'name': 'esm-infra-legacy'}, {'available': False, 'name': 'esm-python'}, {'available': False, 'name': 'esm-ros'}, {'available': True, 'name': 'fips'}, {'available': False, 'name': 'fips-preview'}, {'available': True, 'name': 'fips-updates'}, {'available': False, 'name': 'landscape'}, {'available': True, 'name': 'livepatch'}, {'available': True, 'name': 'livepatch-onprem'}, {'available': False, 'name': 'realtime-kernel'}, {'available': True, 'name': 'ros'}, {'available': True, 'name': 'ros-updates'}, {'available': True, 'name': 'support'}]}", {}]
["2024-05-17T11:43:33.998", "DEBUG", "ubuntupro.status", "_unattached_status", 298, "Ignoring availability of unknown service anbox-images from contract server", {}]
["2024-05-17T11:43:33.998", "DEBUG", "ubuntupro.status", "_unattached_status", 298, "Ignoring availability of unknown service cc from contract server", {}]
["2024-05-17T11:43:33.998", "DEBUG", "ubuntupro.status", "_unattached_status", 298, "Ignoring availability of unknown service esm from contract server", {}]
["2024-05-17T11:43:33.999", "DEBUG", "ubuntupro.status", "_unattached_status", 298, "Ignoring availability of unknown service esm-apps-python from contract server", {}]
["2024-05-17T11:43:33.999", "DEBUG", "ubuntupro.status", "_unattached_status", 298, "Ignoring availability of unknown service esm-infra-legacy from contract server", {}]
["2024-05-17T11:43:33.999", "DEBUG", "ubuntupro.status", "_unattached_status", 298, "Ignoring availability of unknown service esm-python from contract server", {}]
["2024-05-17T11:43:33.999", "DEBUG", "ubuntupro.status", "_unattached_status", 298, "Ignoring availability of unknown service esm-ros from contract server", {}]
["2024-05-17T11:43:34.000", "DEBUG", "ubuntupro.livepatch", "status", 126, "canonical-livepatch is not installed", {}]
["2024-05-17T11:43:34.000", "DEBUG", "ubuntupro.files.files", "read", 60, "Tried to load /run/ubuntu-advantage/livepatch-kernel-support-cache.json but file does not exist", {}]
["2024-05-17T11:43:34.000", "DEBUG", "ubuntupro.livepatch", "on_supported_kernel", 361, "using livepatch support api", {}]
["2024-05-17T11:43:34.000", "DEBUG", "ubuntupro.config", "parse_config", 625, "Using client configuration file at /etc/ubuntu-advantage/uaclient.conf", {}]
["2024-05-17T11:43:34.000", "DEBUG", "ubuntupro.system", "load_file", 517, "Reading file: /etc/ubuntu-advantage/uaclient.conf", {}]
["2024-05-17T11:43:34.001", "DEBUG", "ubuntupro.files.files", "read", 60, "Tried to load /var/lib/ubuntu-advantage/user-config.json but file does not exist", {}]
["2024-05-17T11:43:34.002", "DEBUG", "ubuntupro.http", "readurl", 354, "URL [GET]: https://livepatch.canonical.com/v1/api/kernels/supported?architecture=amd64&build-date=2023-05-24T00%3A51%3A42%2B00%3A00&codename=bionic&flavour=generic&kernel-version=5.4, headers: {'accept': 'application/json', 'content-type': 'application/json', 'user-agent': 'UA-Client/31.2.3~18.04'}, data: None", {}]
["2024-05-17T11:43:34.002", "DEBUG", "ubuntupro.http", "should_use_pycurl", 208, "Should use pycurl: False", {}]
["2024-05-17T11:43:34.584", "DEBUG", "ubuntupro.http", "readurl", 389, "URL [GET] response: https://livepatch.canonical.com/v1/api/kernels/supported?architecture=amd64&build-date=2023-05-24T00%3A51%3A42%2B00%3A00&codename=bionic&flavour=generic&kernel-version=5.4, headers: {'accept-ranges': 'bytes', 'cache-control': 'no-store, max-age=0', 'connection': 'close', 'content-length': '58', 'content-type': 'application/json', 'date': 'Fri, 17 May 2024 06:13:34 GMT', 'server': 'nginx/1.18.0 (Ubuntu)', 'strict-transport-security': 'max-age=15724800; includeSubDomains', 'x-cache-status': 'MISS from content-cache-il3/4'}, data: {'SruDate': datetime.datetime(2024, 6, 24, 0, 51, 42, tzinfo=datetime.timezone.utc), 'Supported': 'supported'}", {}]
["2024-05-17T11:43:34.584", "DEBUG", "ubuntupro.system", "write_file", 557, "Writing file /run/ubuntu-advantage/livepatch-kernel-support-cache.json atomically via tempfile /run/ubuntu-advantage/tmp4b84yl29", {}]
["2024-05-17T11:43:34.585", "DEBUG", "ubuntupro.status", "_unattached_status", 298, "Ignoring availability of unknown service livepatch-onprem from contract server", {}]
["2024-05-17T11:43:34.585", "DEBUG", "ubuntupro.status", "_unattached_status", 298, "Ignoring availability of unknown service support from contract server", {}]
["2024-05-17T11:43:34.586", "DEBUG", "ubuntupro.system", "write_file", 557, "Writing file /var/lib/ubuntu-advantage/status.json atomically via tempfile /var/lib/ubuntu-advantage/tmprz2xe3_n", {}]
["2024-05-17T11:43:34.587", "DEBUG", "ubuntupro.files.files", "read", 60, "Tried to load /var/lib/ubuntu-advantage/private/machine-token.json but file does not exist", {}]
["2024-05-17T11:43:34.588", "DEBUG", "ubuntupro.system", "write_file", 557, "Writing file /var/lib/ubuntu-advantage/apt-esm/etc/apt/sources.list.d/ubuntu-esm-apps.sources atomically via tempfile /var/lib/ubuntu-advantage/apt-esm/etc/apt/sources.list.d/tmphp30nd1g", {}]
["2024-05-17T11:43:34.590", "DEBUG", "ubuntupro.files.files", "read", 60, "Tried to load /var/lib/ubuntu-advantage/private/machine-token.json but file does not exist", {}]
["2024-05-17T11:43:34.591", "DEBUG", "ubuntupro.system", "write_file", 557, "Writing file /var/lib/ubuntu-advantage/apt-esm/etc/apt/sources.list.d/ubuntu-esm-infra.sources atomically via tempfile /var/lib/ubuntu-advantage/apt-esm/etc/apt/sources.list.d/tmpz284y1y4", {}]
["2024-05-17T11:43:35.581", "DEBUG", "ubuntupro.apt", "done", 891, "Fetched ESM Apt Cache item: gpgv:/var/lib/ubuntu-advantage/apt-esm/var/lib/apt/lists/partial/esm.ubuntu.com_apps_ubuntu_dists_bionic-apps-security_InRelease", {}]
["2024-05-17T11:43:35.750", "DEBUG", "ubuntupro.apt", "done", 891, "Fetched ESM Apt Cache item: gpgv:/var/lib/ubuntu-advantage/apt-esm/var/lib/apt/lists/partial/esm.ubuntu.com_apps_ubuntu_dists_bionic-apps-security_InRelease", {}]
["2024-05-17T11:43:35.820", "DEBUG", "ubuntupro.apt", "done", 891, "Fetched ESM Apt Cache item: gpgv:/var/lib/ubuntu-advantage/apt-esm/var/lib/apt/lists/partial/esm.ubuntu.com_apps_ubuntu_dists_bionic-apps-updates_InRelease", {}]
["2024-05-17T11:43:35.910", "DEBUG", "ubuntupro.apt", "done", 891, "Fetched ESM Apt Cache item: gpgv:/var/lib/ubuntu-advantage/apt-esm/var/lib/apt/lists/partial/esm.ubuntu.com_apps_ubuntu_dists_bionic-apps-updates_InRelease", {}]
["2024-05-17T11:43:36.068", "DEBUG", "ubuntupro.apt", "done", 891, "Fetched ESM Apt Cache item: gpgv:/var/lib/ubuntu-advantage/apt-esm/var/lib/apt/lists/partial/esm.ubuntu.com_infra_ubuntu_dists_bionic-infra-security_InRelease", {}]
["2024-05-17T11:43:36.154", "DEBUG", "ubuntupro.apt", "done", 891, "Fetched ESM Apt Cache item: gpgv:/var/lib/ubuntu-advantage/apt-esm/var/lib/apt/lists/partial/esm.ubuntu.com_infra_ubuntu_dists_bionic-infra-security_InRelease", {}]
["2024-05-17T11:43:36.325", "DEBUG", "ubuntupro.apt", "done", 891, "Fetched ESM Apt Cache item: gpgv:/var/lib/ubuntu-advantage/apt-esm/var/lib/apt/lists/partial/esm.ubuntu.com_infra_ubuntu_dists_bionic-infra-updates_InRelease", {}]
["2024-05-17T11:43:36.407", "DEBUG", "ubuntupro.apt", "done", 891, "Fetched ESM Apt Cache item: gpgv:/var/lib/ubuntu-advantage/apt-esm/var/lib/apt/lists/partial/esm.ubuntu.com_infra_ubuntu_dists_bionic-infra-updates_InRelease", {}]
["2024-05-17T11:43:37.289", "DEBUG", "ubuntupro.apt", "done", 891, "Fetched ESM Apt Cache item: store:/var/lib/ubuntu-advantage/apt-esm/var/lib/apt/lists/partial/esm.ubuntu.com_apps_ubuntu_dists_bionic-apps-security_main_binary-amd64_Packages.gz", {}]
["2024-05-17T11:43:37.323", "DEBUG", "ubuntupro.apt", "done", 891, "Fetched ESM Apt Cache item: store:/var/lib/ubuntu-advantage/apt-esm/var/lib/apt/lists/partial/esm.ubuntu.com_apps_ubuntu_dists_bionic-apps-security_main_binary-amd64_Packages.gz", {}]
["2024-05-17T11:43:37.451", "DEBUG", "ubuntupro.apt", "done", 891, "Fetched ESM Apt Cache item: store:/var/lib/ubuntu-advantage/apt-esm/var/lib/apt/lists/partial/esm.ubuntu.com_apps_ubuntu_dists_bionic-apps-security_main_binary-i386_Packages.gz", {}]
["2024-05-17T11:43:37.457", "DEBUG", "ubuntupro.apt", "done", 891, "Fetched ESM Apt Cache item: store:/var/lib/ubuntu-advantage/apt-esm/var/lib/apt/lists/partial/esm.ubuntu.com_apps_ubuntu_dists_bionic-apps-updates_main_binary-i386_Packages.gz", {}]
["2024-05-17T11:43:37.457", "DEBUG", "ubuntupro.apt", "done", 891, "Fetched ESM Apt Cache item: store:/var/lib/ubuntu-advantage/apt-esm/var/lib/apt/lists/partial/esm.ubuntu.com_apps_ubuntu_dists_bionic-apps-updates_main_binary-amd64_Packages.gz", {}]
["2024-05-17T11:43:37.483", "DEBUG", "ubuntupro.apt", "done", 891, "Fetched ESM Apt Cache item: store:/var/lib/ubuntu-advantage/apt-esm/var/lib/apt/lists/partial/esm.ubuntu.com_apps_ubuntu_dists_bionic-apps-security_main_binary-i386_Packages.gz", {}]
["2024-05-17T11:43:37.484", "DEBUG", "ubuntupro.apt", "done", 891, "Fetched ESM Apt Cache item: store:/var/lib/ubuntu-advantage/apt-esm/var/lib/apt/lists/partial/esm.ubuntu.com_apps_ubuntu_dists_bionic-apps-updates_main_binary-i386_Packages.gz", {}]
["2024-05-17T11:43:37.485", "DEBUG", "ubuntupro.apt", "done", 891, "Fetched ESM Apt Cache item: store:/var/lib/ubuntu-advantage/apt-esm/var/lib/apt/lists/partial/esm.ubuntu.com_apps_ubuntu_dists_bionic-apps-updates_main_binary-amd64_Packages.gz", {}]
["2024-05-17T11:43:37.801", "DEBUG", "ubuntupro.apt", "done", 891, "Fetched ESM Apt Cache item: store:/var/lib/ubuntu-advantage/apt-esm/var/lib/apt/lists/partial/esm.ubuntu.com_infra_ubuntu_dists_bionic-infra-security_main_binary-amd64_Packages.gz", {}]
["2024-05-17T11:43:37.850", "DEBUG", "ubuntupro.apt", "done", 891, "Fetched ESM Apt Cache item: store:/var/lib/ubuntu-advantage/apt-esm/var/lib/apt/lists/partial/esm.ubuntu.com_infra_ubuntu_dists_bionic-infra-security_main_binary-i386_Packages.gz", {}]
["2024-05-17T11:43:37.853", "DEBUG", "ubuntupro.apt", "done", 891, "Fetched ESM Apt Cache item: store:/var/lib/ubuntu-advantage/apt-esm/var/lib/apt/lists/partial/esm.ubuntu.com_infra_ubuntu_dists_bionic-infra-updates_main_binary-amd64_Packages.gz", {}]
["2024-05-17T11:43:37.855", "DEBUG", "ubuntupro.apt", "done", 891, "Fetched ESM Apt Cache item: store:/var/lib/ubuntu-advantage/apt-esm/var/lib/apt/lists/partial/esm.ubuntu.com_infra_ubuntu_dists_bionic-infra-updates_main_binary-i386_Packages.gz", {}]
["2024-05-17T11:43:37.931", "DEBUG", "ubuntupro.apt", "done", 891, "Fetched ESM Apt Cache item: store:/var/lib/ubuntu-advantage/apt-esm/var/lib/apt/lists/partial/esm.ubuntu.com_infra_ubuntu_dists_bionic-infra-security_main_binary-amd64_Packages.gz", {}]
["2024-05-17T11:43:37.957", "DEBUG", "ubuntupro.apt", "done", 891, "Fetched ESM Apt Cache item: store:/var/lib/ubuntu-advantage/apt-esm/var/lib/apt/lists/partial/esm.ubuntu.com_infra_ubuntu_dists_bionic-infra-security_main_binary-i386_Packages.gz", {}]
["2024-05-17T11:43:37.959", "DEBUG", "ubuntupro.apt", "done", 891, "Fetched ESM Apt Cache item: store:/var/lib/ubuntu-advantage/apt-esm/var/lib/apt/lists/partial/esm.ubuntu.com_infra_ubuntu_dists_bionic-infra-updates_main_binary-amd64_Packages.gz", {}]
["2024-05-17T11:43:37.961", "DEBUG", "ubuntupro.apt", "done", 891, "Fetched ESM Apt Cache item: store:/var/lib/ubuntu-advantage/apt-esm/var/lib/apt/lists/partial/esm.ubuntu.com_infra_ubuntu_dists_bionic-infra-updates_main_binary-i386_Packages.gz", {}]
["2024-05-17T11:43:57.577", "DEBUG", "ubuntupro.config", "parse_config", 625, "Using client configuration file at /etc/ubuntu-advantage/uaclient.conf", {}]
["2024-05-17T11:43:57.577", "DEBUG", "ubuntupro.system", "load_file", 517, "Reading file: /etc/ubuntu-advantage/uaclient.conf", {}]
["2024-05-17T11:43:57.578", "DEBUG", "ubuntupro.files.files", "read", 60, "Tried to load /var/lib/ubuntu-advantage/user-config.json but file does not exist", {}]
["2024-05-17T11:43:57.579", "DEBUG", "ubuntupro.system", "load_file", 517, "Reading file: /etc/os-release", {}]
["2024-05-17T11:43:57.612", "DEBUG", "ubuntupro.system", "load_file", 517, "Reading file: /var/lib/ubuntu-advantage/status.json", {}]
["2024-05-17T11:43:57.617", "DEBUG", "ubuntupro.files.files", "read", 60, "Tried to load /var/lib/ubuntu-advantage/private/machine-token.json but file does not exist", {}]
["2024-05-17T11:43:57.620", "DEBUG", "ubuntupro.files.files", "read", 60, "Tried to load /var/lib/ubuntu-advantage/private/machine-token.json but file does not exist", {}]
["2024-05-17T11:43:57.632", "DEBUG", "ubuntupro.config", "parse_config", 625, "Using client configuration file at /etc/ubuntu-advantage/uaclient.conf", {}]
["2024-05-17T11:43:57.633", "DEBUG", "ubuntupro.system", "load_file", 517, "Reading file: /etc/ubuntu-advantage/uaclient.conf", {}]
["2024-05-17T11:43:57.636", "DEBUG", "ubuntupro.files.files", "read", 60, "Tried to load /var/lib/ubuntu-advantage/user-config.json but file does not exist", {}]
["2024-05-17T11:43:58.889", "DEBUG", "ubuntupro.apt", "done", 891, "Fetched ESM Apt Cache item: gpgv:/var/lib/ubuntu-advantage/apt-esm/var/lib/apt/lists/esm.ubuntu.com_apps_ubuntu_dists_bionic-apps-security_InRelease", {}]
["2024-05-17T11:43:59.105", "DEBUG", "ubuntupro.apt", "done", 891, "Fetched ESM Apt Cache item: gpgv:/var/lib/ubuntu-advantage/apt-esm/var/lib/apt/lists/esm.ubuntu.com_apps_ubuntu_dists_bionic-apps-updates_InRelease", {}]
["2024-05-17T11:43:59.325", "DEBUG", "ubuntupro.apt", "done", 891, "Fetched ESM Apt Cache item: gpgv:/var/lib/ubuntu-advantage/apt-esm/var/lib/apt/lists/esm.ubuntu.com_infra_ubuntu_dists_bionic-infra-security_InRelease", {}]
["2024-05-17T11:43:59.552", "DEBUG", "ubuntupro.apt", "done", 891, "Fetched ESM Apt Cache item: gpgv:/var/lib/ubuntu-advantage/apt-esm/var/lib/apt/lists/esm.ubuntu.com_infra_ubuntu_dists_bionic-infra-updates_InRelease", {}]
["2024-05-17T13:15:41.334", "DEBUG", "ubuntupro.config", "parse_config", 625, "Using client configuration file at /etc/ubuntu-advantage/uaclient.conf", {}]
["2024-05-17T13:15:41.354", "DEBUG", "ubuntupro.system", "load_file", 517, "Reading file: /etc/ubuntu-advantage/uaclient.conf", {}]
["2024-05-17T13:15:41.354", "DEBUG", "ubuntupro.files.files", "read", 60, "Tried to load /var/lib/ubuntu-advantage/user-config.json but file does not exist", {}]
["2024-05-17T13:15:41.355", "DEBUG", "ubuntupro.http", "configure_web_proxy", 146, "Setting no_proxy: 169.254.169.254,[fd00:ec2::254],metadata", {}]
["2024-05-17T13:15:41.355", "DEBUG", "ubuntupro.http", "configure_web_proxy", 154, "Setting global proxy dict", {}]
["2024-05-17T13:15:41.355", "DEBUG", "ubuntupro.upgrade_lts_contract", "process_contract_delta_after_apt_lock", 52, "Check whether to upgrade-lts-contract", {}]
["2024-05-17T13:15:41.355", "DEBUG", "ubuntupro.files.files", "read", 60, "Tried to load /var/lib/ubuntu-advantage/private/machine-token.json but file does not exist", {}]
["2024-05-17T13:15:41.355", "DEBUG", "ubuntupro.upgrade_lts_contract", "process_contract_delta_after_apt_lock", 54, "Skipping upgrade-lts-contract. Machine is unattached", {}]
["2024-05-17T13:15:41.397", "DEBUG", "ubuntupro.system", "ensure_folder_absent", 727, "Removed folder: /var/lib/ubuntu-advantage/apt-esm/", {}]
["2024-05-17T13:22:38.281", "DEBUG", "ubuntupro.config", "parse_config", 625, "Using client configuration file at /etc/ubuntu-advantage/uaclient.conf", {}]
["2024-05-17T13:22:38.323", "DEBUG", "ubuntupro.system", "load_file", 517, "Reading file: /etc/ubuntu-advantage/uaclient.conf", {}]
["2024-05-17T13:22:38.344", "DEBUG", "ubuntupro.files.files", "read", 60, "Tried to load /var/lib/ubuntu-advantage/user-config.json but file does not exist", {}]
["2024-05-17T13:22:38.345", "DEBUG", "ubuntupro.system", "load_file", 517, "Reading file: /etc/os-release", {}]
["2024-05-17T13:22:38.424", "DEBUG", "ubuntupro.system", "ensure_folder_absent", 729, "Tried to remove /var/lib/ubuntu-advantage/apt-esm/ but folder does not exist", {}]
["2024-05-17T13:22:38.424", "DEBUG", "ubuntupro.system", "create_file", 523, "Creating file: /var/lib/ubuntu-advantage/apt-esm/etc/apt/sources.list", {}]
["2024-05-17T13:22:38.425", "DEBUG", "ubuntupro.system", "create_file", 523, "Creating file: /var/lib/ubuntu-advantage/apt-esm/var/lib/dpkg/status", {}]
["2024-05-17T13:22:38.461", "DEBUG", "ubuntupro.config", "parse_config", 625, "Using client configuration file at /etc/ubuntu-advantage/uaclient.conf", {}]
["2024-05-17T13:22:38.461", "DEBUG", "ubuntupro.system", "load_file", 517, "Reading file: /etc/ubuntu-advantage/uaclient.conf", {}]
["2024-05-17T13:22:38.463", "DEBUG", "ubuntupro.files.files", "read", 60, "Tried to load /var/lib/ubuntu-advantage/user-config.json but file does not exist", {}]
["2024-05-17T13:22:38.824", "DEBUG", "ubuntupro.system", "load_file", 517, "Reading file: /var/lib/ubuntu-advantage/status.json", {}]
["2024-05-17T13:22:38.880", "DEBUG", "ubuntupro.files.files", "read", 60, "Tried to load /var/lib/ubuntu-advantage/private/machine-token.json but file does not exist", {}]
["2024-05-17T13:22:38.880", "DEBUG", "ubuntupro.system", "write_file", 556, "Writing file /var/lib/ubuntu-advantage/apt-esm/etc/apt/sources.list.d/ubuntu-esm-apps.sources atomically via tempfile /var/lib/ubuntu-advantage/apt-esm/etc/apt/sources.list.d/tmp7a89zsir", {}]
["2024-05-17T13:22:40.157", "DEBUG", "ubuntupro.apt", "done", 891, "Fetched ESM Apt Cache item: gpgv:/var/lib/ubuntu-advantage/apt-esm/var/lib/apt/lists/partial/esm.ubuntu.com_apps_ubuntu_dists_focal-apps-security_InRelease", {}]
["2024-05-17T13:22:40.252", "DEBUG", "ubuntupro.apt", "done", 891, "Fetched ESM Apt Cache item: gpgv:/var/lib/ubuntu-advantage/apt-esm/var/lib/apt/lists/partial/esm.ubuntu.com_apps_ubuntu_dists_focal-apps-security_InRelease", {}]
["2024-05-17T13:22:40.463", "DEBUG", "ubuntupro.apt", "done", 891, "Fetched ESM Apt Cache item: gpgv:/var/lib/ubuntu-advantage/apt-esm/var/lib/apt/lists/partial/esm.ubuntu.com_apps_ubuntu_dists_focal-apps-updates_InRelease", {}]
["2024-05-17T13:22:40.537", "DEBUG", "ubuntupro.apt", "done", 891, "Fetched ESM Apt Cache item: gpgv:/var/lib/ubuntu-advantage/apt-esm/var/lib/apt/lists/partial/esm.ubuntu.com_apps_ubuntu_dists_focal-apps-updates_InRelease", {}]
["2024-05-17T13:22:41.657", "DEBUG", "ubuntupro.apt", "done", 891, "Fetched ESM Apt Cache item: store:/var/lib/ubuntu-advantage/apt-esm/var/lib/apt/lists/partial/esm.ubuntu.com_apps_ubuntu_dists_focal-apps-security_main_binary-amd64_Packages.gz", {}]
["2024-05-17T13:22:41.674", "DEBUG", "ubuntupro.apt", "done", 891, "Fetched ESM Apt Cache item: store:/var/lib/ubuntu-advantage/apt-esm/var/lib/apt/lists/partial/esm.ubuntu.com_apps_ubuntu_dists_focal-apps-security_main_binary-amd64_Packages.gz", {}]
["2024-05-17T13:22:41.826", "DEBUG", "ubuntupro.apt", "done", 891, "Fetched ESM Apt Cache item: store:/var/lib/ubuntu-advantage/apt-esm/var/lib/apt/lists/partial/esm.ubuntu.com_apps_ubuntu_dists_focal-apps-security_main_binary-i386_Packages.gz", {}]
["2024-05-17T13:22:41.832", "DEBUG", "ubuntupro.apt", "done", 891, "Fetched ESM Apt Cache item: store:/var/lib/ubuntu-advantage/apt-esm/var/lib/apt/lists/partial/esm.ubuntu.com_apps_ubuntu_dists_focal-apps-security_main_binary-i386_Packages.gz", {}]
["2024-05-17T13:22:41.911", "DEBUG", "ubuntupro.apt", "done", 891, "Fetched ESM Apt Cache item: store:/var/lib/ubuntu-advantage/apt-esm/var/lib/apt/lists/partial/esm.ubuntu.com_apps_ubuntu_dists_focal-apps-updates_main_binary-amd64_Packages.gz", {}]
["2024-05-17T13:22:41.911", "DEBUG", "ubuntupro.apt", "done", 891, "Fetched ESM Apt Cache item: store:/var/lib/ubuntu-advantage/apt-esm/var/lib/apt/lists/partial/esm.ubuntu.com_apps_ubuntu_dists_focal-apps-updates_main_binary-amd64_Packages.gz", {}]
["2024-05-18T14:21:10.701", "DEBUG", "ubuntupro.config", "parse_config", 625, "Using client configuration file at /etc/ubuntu-advantage/uaclient.conf", {}]
["2024-05-18T14:21:10.729", "DEBUG", "ubuntupro.system", "load_file", 517, "Reading file: /etc/ubuntu-advantage/uaclient.conf", {}]
["2024-05-18T14:21:10.750", "DEBUG", "ubuntupro.files.files", "read", 60, "Tried to load /var/lib/ubuntu-advantage/user-config.json but file does not exist", {}]
["2024-05-18T14:21:10.751", "DEBUG", "ubuntupro.system", "load_file", 517, "Reading file: /etc/os-release", {}]
["2024-05-18T14:21:10.759", "DEBUG", "ubuntupro.config", "parse_config", 625, "Using client configuration file at /etc/ubuntu-advantage/uaclient.conf", {}]
["2024-05-18T14:21:10.759", "DEBUG", "ubuntupro.system", "load_file", 517, "Reading file: /etc/ubuntu-advantage/uaclient.conf", {}]
["2024-05-18T14:21:10.761", "DEBUG", "ubuntupro.files.files", "read", 60, "Tried to load /var/lib/ubuntu-advantage/user-config.json but file does not exist", {}]
["2024-05-18T14:21:10.762", "DEBUG", "ubuntupro.files.files", "read", 60, "Tried to load /var/lib/ubuntu-advantage/private/machine-token.json but file does not exist", {}]
["2024-05-18T14:21:10.963", "DEBUG", "ubuntupro.system", "load_file", 517, "Reading file: /var/lib/ubuntu-advantage/status.json", {}]
["2024-05-18T14:21:10.988", "DEBUG", "ubuntupro.files.files", "read", 60, "Tried to load /var/lib/ubuntu-advantage/private/machine-token.json but file does not exist", {}]
["2024-05-18T14:21:11.524", "DEBUG", "ubuntupro.system", "load_file", 517, "Reading file: /run/ubuntu-advantage//aptnews.json", {}]
["2024-05-18T14:21:11.552", "DEBUG", "ubuntupro.apt_news", "select_message", 144, "msg dates don't apply: AptNewsMessage{'begin': datetime.datetime(2023, 10, 6, 0, 0, tzinfo=datetime.timezone.utc), 'end': None, 'selectors': None, 'lines': ['Canonical released microcode updates for both Intel (CVE-2022-40982) and AMD', '(CVE-2023-20593). \u2018Unattended upgrades\u2019 provide security updates by default.', 'Ensure it remains enabled to always get all updates as they become available.']}", {}]
["2024-05-18T14:21:11.553", "DEBUG", "ubuntupro.apt_news", "fetch_and_process_apt_news", 171, "using msg: None", {}]
["2024-05-18T14:21:11.553", "DEBUG", "ubuntupro.system", "ensure_file_absent", 578, "Tried to remove /var/lib/ubuntu-advantage/messages/apt-news but file does not exist", {}]
["2024-05-18T14:21:11.553", "DEBUG", "ubuntupro.system", "ensure_file_absent", 578, "Tried to remove /var/lib/ubuntu-advantage/messages/apt-news-raw but file does not exist", {}]
["2024-05-18T14:21:12.066", "DEBUG", "ubuntupro.apt", "done", 891, "Fetched ESM Apt Cache item: gpgv:/var/lib/ubuntu-advantage/apt-esm/var/lib/apt/lists/partial/esm.ubuntu.com_apps_ubuntu_dists_focal-apps-security_InRelease", {}]
["2024-05-18T14:21:12.184", "DEBUG", "ubuntupro.apt", "done", 891, "Fetched ESM Apt Cache item: gpgv:/var/lib/ubuntu-advantage/apt-esm/var/lib/apt/lists/partial/esm.ubuntu.com_apps_ubuntu_dists_focal-apps-security_InRelease", {}]
["2024-05-18T14:21:12.306", "DEBUG", "ubuntupro.apt", "done", 891, "Fetched ESM Apt Cache item: gpgv:/var/lib/ubuntu-advantage/apt-esm/var/lib/apt/lists/partial/esm.ubuntu.com_apps_ubuntu_dists_focal-apps-updates_InRelease", {}]
["2024-05-18T14:21:12.386", "DEBUG", "ubuntupro.apt", "done", 891, "Fetched ESM Apt Cache item: gpgv:/var/lib/ubuntu-advantage/apt-esm/var/lib/apt/lists/partial/esm.ubuntu.com_apps_ubuntu_dists_focal-apps-updates_InRelease", {}]
